============================================
PLATFORM_VERSION_CODENAME=REL
PLATFORM_VERSION=5.1.1
TARGET_PRODUCT=l5261
TARGET_BUILD_VARIANT=userdebug
TARGET_BUILD_TYPE=release
TARGET_BUILD_APPS=
TARGET_ARCH=arm
TARGET_ARCH_VARIANT=armv7-a-neon
TARGET_CPU_VARIANT=cortex-a53
TARGET_2ND_ARCH=
TARGET_2ND_ARCH_VARIANT=
TARGET_2ND_CPU_VARIANT=
HOST_ARCH=x86_64
HOST_OS=linux
HOST_OS_EXTRA=Linux-4.4.0-31-generic-x86_64-with-Ubuntu-14.04-trusty
HOST_BUILD_TYPE=release
BUILD_ID=LMY47V
OUT_DIR=out
============================================
Checking build tools versions...
including ./abi/cpp/Android.mk ...
including ./bionic/Android.mk ...
including ./bootable/recovery/Android.mk ...
including ./build/libs/host/Android.mk ...
including ./build/target/board/Android.mk ...
including ./build/target/product/security/Android.mk ...
including ./build/tools/Android.mk ...
including ./development/apps/BluetoothDebug/Android.mk ...
including ./development/apps/BuildWidget/Android.mk ...
